#-----------------------------------------------------------
# Vivado v2019.1 (64-bit)
# SW Build 2552052 on Fri May 24 14:49:42 MDT 2019
# IP Build 2548770 on Fri May 24 18:01:18 MDT 2019
# Start of session at: Sat Dec 21 14:19:17 2019
# Process ID: 3948
# Current directory: C:/Users/ads5915/Desktop/FinalProject
# Command line: vivado.exe -gui_launcher_event rodinguilauncherevent11148 C:\Users\ads5915\Desktop\FinalProject\FinalProject.xpr
# Log file: C:/Users/ads5915/Desktop/FinalProject/vivado.log
# Journal file: C:/Users/ads5915/Desktop/FinalProject\vivado.jou
#-----------------------------------------------------------
start_gui
open_project C:/Users/ads5915/Desktop/FinalProject/FinalProject.xpr
Scanning sources...
Finished scanning sources
INFO: [IP_Flow 19-234] Refreshing IP repositories
INFO: [IP_Flow 19-1704] No user IP repositories specified
INFO: [IP_Flow 19-2313] Loaded Vivado IP repository 'C:/Xilinx/Vivado/2019.1/data/ip'.
open_project: Time (s): cpu = 00:00:20 ; elapsed = 00:00:09 . Memory (MB): peak = 732.953 ; gain = 142.176
update_compile_order -fileset sources_1
set_property needs_refresh false [get_runs synth_1]
set_property needs_refresh false [get_runs impl_1]
reset_run impl_1
launch_runs impl_1 -jobs 4
[Sat Dec 21 14:22:53 2019] Launched impl_1...
Run output will be captured here: C:/Users/ads5915/Desktop/FinalProject/FinalProject.runs/impl_1/runme.log
open_run impl_1
INFO: [Device 21-403] Loading part xc7z010clg400-1
INFO: [Project 1-479] Netlist was created with Vivado 2019.1
INFO: [Project 1-570] Preparing netlist for logic optimization
Reading XDEF placement.
Reading placer database...
Reading XDEF routing.
Read XDEF File: Time (s): cpu = 00:00:00 ; elapsed = 00:00:00.059 . Memory (MB): peak = 1430.746 ; gain = 0.000
Restored from archive | CPU: 0.000000 secs | Memory: 0.000000 MB |
Finished XDEF File Restore: Time (s): cpu = 00:00:00 ; elapsed = 00:00:00.060 . Memory (MB): peak = 1430.746 ; gain = 0.000
Netlist sorting complete. Time (s): cpu = 00:00:00 ; elapsed = 00:00:00 . Memory (MB): peak = 1430.746 ; gain = 0.000
INFO: [Project 1-111] Unisim Transformation Summary:
No Unisim elements were transformed.

open_run: Time (s): cpu = 00:00:18 ; elapsed = 00:00:12 . Memory (MB): peak = 1430.746 ; gain = 0.000
WARNING: [Timing 38-313] There are no user specified timing constraints. Timing constraints are needed for proper timing analysis.
file mkdir C:/Users/ads5915/Desktop/FinalProject/FinalProject.srcs/constrs_1
file mkdir C:/Users/ads5915/Desktop/FinalProject/FinalProject.srcs/constrs_1/new
close [ open C:/Users/ads5915/Desktop/FinalProject/FinalProject.srcs/constrs_1/new/bitstream.tcl w ]
add_files -fileset constrs_1 C:/Users/ads5915/Desktop/FinalProject/FinalProject.srcs/constrs_1/new/bitstream.tcl
import_files -fileset utils_1 C:/Users/ads5915/Desktop/FinalProject/FinalProject.srcs/constrs_1/new/bitstream.tcl
set_property STEPS.WRITE_BITSTREAM.TCL.PRE [ get_files C:/Users/ads5915/Desktop/FinalProject/FinalProject.srcs/utils_1/imports/new/bitstream.tcl -of [get_fileset utils_1] ] [get_runs impl_1]
WARNING: [filemgmt 56-199] Attempt to get parsing info during refresh. "On-the-fly" syntax checking information may be incorrect. [C:/Users/ads5915/Desktop/FinalProject/FinalProject.srcs/sim_1/new/test_bench.v:]
WARNING: [filemgmt 56-199] Attempt to get parsing info during refresh. "On-the-fly" syntax checking information may be incorrect. [C:/Users/ads5915/Desktop/FinalProject/FinalProject.srcs/sources_1/new/PC_register.v:]
set_property STEPS.WRITE_BITSTREAM.TCL.PRE [ get_files C:/Users/ads5915/Desktop/FinalProject/FinalProject.srcs/utils_1/imports/new/bitstream.tcl -of [get_fileset utils_1] ] [get_runs impl_1]
launch_runs impl_1 -to_step write_bitstream -jobs 4
[Sat Dec 21 14:28:41 2019] Launched impl_1...
Run output will be captured here: C:/Users/ads5915/Desktop/FinalProject/FinalProject.runs/impl_1/runme.log
open_hw
close_hw
reset_run impl_1 -prev_step 
launch_runs impl_1 -to_step write_bitstream -jobs 4
[Sat Dec 21 14:30:06 2019] Launched impl_1...
Run output will be captured here: C:/Users/ads5915/Desktop/FinalProject/FinalProject.runs/impl_1/runme.log
file copy -force C:/Users/ads5915/Desktop/FinalProject/FinalProject.runs/impl_1/PC_register.bit C:/Users/ads5915/Desktop/FinalProject/FinalProject.srcs/constrs_1/new/bitstreamFile.bit
reset_run impl_1
launch_runs impl_1 -jobs 4
[Sat Dec 21 14:35:13 2019] Launched impl_1...
Run output will be captured here: C:/Users/ads5915/Desktop/FinalProject/FinalProject.runs/impl_1/runme.log
close_design
open_run impl_1
INFO: [Project 1-479] Netlist was created with Vivado 2019.1
INFO: [Project 1-570] Preparing netlist for logic optimization
INFO: [Timing 38-478] Restoring timing data from binary archive.
INFO: [Timing 38-479] Binary timing data restore complete.
INFO: [Project 1-856] Restoring constraints from binary archive.
INFO: [Project 1-853] Binary constraint restore complete.
Reading XDEF placement.
Reading placer database...
Reading XDEF routing.
Read XDEF File: Time (s): cpu = 00:00:00 ; elapsed = 00:00:00.055 . Memory (MB): peak = 3136.367 ; gain = 0.000
Restored from archive | CPU: 0.000000 secs | Memory: 0.000000 MB |
Finished XDEF File Restore: Time (s): cpu = 00:00:00 ; elapsed = 00:00:00.055 . Memory (MB): peak = 3136.367 ; gain = 0.000
Netlist sorting complete. Time (s): cpu = 00:00:00 ; elapsed = 00:00:00 . Memory (MB): peak = 3136.367 ; gain = 0.000
INFO: [Project 1-111] Unisim Transformation Summary:
No Unisim elements were transformed.

WARNING: [Timing 38-313] There are no user specified timing constraints. Timing constraints are needed for proper timing analysis.
exit
INFO: [Common 17-206] Exiting Vivado at Sat Dec 21 14:48:55 2019...
